<?xml version="1.0" encoding="UTF-8" ?>
<testsuites>
  <testsuite errors="0" failures="0" hostname="Soheils-MacBook-Pro.local" id="0" name="DataElementLocalListSpec" package="specs" tests="0" time="0.015" timestamp="2014-04-07T13:56:26">
      <properties />

      <testcase classname="junit.framework.JUnit4TestCaseFacade" name="specs.DataElementLocalListSpec" time="0.003">
          <error message="Unable to load configuration @ &apos;file:/Users/soheil/src/ModelCatalogueViewer/test/functional/GebConfig.groovy&apos; (with environment: sauce)" type="geb.ConfigurationLoader$UnableToLoadException">geb.ConfigurationLoader$UnableToLoadException: Unable to load configuration @ &apos;file:/Users/soheil/src/ModelCatalogueViewer/test/functional/GebConfig.groovy&apos; (with environment: sauce)
	at geb.ConfigurationLoader.loadRawConfig(ConfigurationLoader.groovy:298)
	at geb.ConfigurationLoader.loadRawConfig(ConfigurationLoader.groovy:282)
	at geb.ConfigurationLoader.getConf(ConfigurationLoader.groovy:162)
	at geb.ConfigurationLoader.doGetConf(ConfigurationLoader.groovy:140)
	at geb.ConfigurationLoader.getConf(ConfigurationLoader.groovy:96)
	at geb.ConfigurationLoader.getConf(ConfigurationLoader.groovy:115)
	at geb.spock.GebSpec.createConf(GebSpec.groovy:29)
	at geb.spock.GebSpec.createBrowser(GebSpec.groovy:33)
	at geb.spock.GebSpec.getBrowser(GebSpec.groovy:38)
	at geb.spock.GebSpec.methodMissing(GebSpec.groovy:51)
	at geb.spock.GebReportingSpec.setupSpec(GebReportingSpec.groovy:30)
Caused by: java.lang.IllegalArgumentException: Sauce OnDemand credentials not set.
	at script13968789867221777107184.run_closure2_closure5(script13968789867221777107184.groovy:57)
	at script13968789867221777107184.run_closure2(script13968789867221777107184.groovy:53)
	at script13968789867221777107184.run(script13968789867221777107184.groovy:34)
	at geb.ConfigurationLoader.loadRawConfig(ConfigurationLoader.groovy:296)
</error>

      </testcase>

      <system-out><![CDATA[]]></system-out>

      <system-err><![CDATA[]]></system-err>

  </testsuite>
</testsuites>
